2023-08-27T22:41:08.953+0800	INFO	db/init.go:36	Redis server connection successful!
2023-08-27T22:41:10.093+0800	INFO	etcd/registry.go:133	start keepalive lease 18f8a35bf7f7d33 for etcd registry
2023-08-27T22:41:12.669+0800	DEBUG	middleware/common.go:25	real request: &{Req:user_id:1  token:"eyJhbGciOiJIUzI1NiIsInR5cCI6IkpXVCJ9.eyJJZCI6MSwiZXhwIjoxNjkyODU3MzExfQ.Ti5xYmlFqAEVjb_XlZWKEzfo8H-VbXa41268mjRp328"}
2023-08-27T22:41:12.670+0800	DEBUG	middleware/common.go:27	remote service name: TiktokUserServer, remote method: UserInfo
2023-08-27T22:41:12.671+0800	INFO	middleware/server.go:18	client address: [::1]:44280
2023-08-27T22:41:12.674+0800	INFO	middleware/common.go:32	real response: &{Success:status_msg:"success"  user:{id:1  name:"1"  is_follow:true  avatar:"http://127.0.0.1:9000/tiktok-user-avatars/default5.png?X-Amz-Algorithm=AWS4-HMAC-SHA256&X-Amz-Credential=minioadmin%2F20230827%2Fus-east-1%2Fs3%2Faws4_request&X-Amz-Date=20230827T144112Z&X-Amz-Expires=3600&X-Amz-SignedHeaders=host&X-Amz-Signature=5031de40147d0b75935f2563326b5194eab4fa88327cdd47d06446f20d3d5ffe"  background_image:"http://127.0.0.1:9000/tiktok-user-backgrounds/default_background.jpg?X-Amz-Algorithm=AWS4-HMAC-SHA256&X-Amz-Credential=minioadmin%2F20230827%2Fus-east-1%2Fs3%2Faws4_request&X-Amz-Date=20230827T144112Z&X-Amz-Expires=3600&X-Amz-SignedHeaders=host&X-Amz-Signature=3e4a9637f6391ef10cfb60da39af9f1cdc20635ac90be2793a8e29e672b8895e"  total_favorited:1  work_count:1  favorite_count:1}}
2023-08-27T22:45:25.449+0800	INFO	etcd/registry.go:142	stop keepalive lease 18f8a35bf7f7d33 for etcd registry
2023-08-29T11:57:45.998+0800	INFO	db/init.go:36	Redis server connection successful!
2023-08-29T11:57:47.136+0800	INFO	etcd/registry.go:133	start keepalive lease 18f8a3f700b2404 for etcd registry
2023-08-29T12:05:42.547+0800	INFO	etcd/registry.go:142	stop keepalive lease 18f8a3f700b2404 for etcd registry
2023-08-29T21:55:47.723+0800	INFO	db/init.go:36	Redis server connection successful!
2023-08-29T21:55:48.855+0800	INFO	etcd/registry.go:133	start keepalive lease 18f8a418856930b for etcd registry
2023-08-29T22:29:30.290+0800	DEBUG	middleware/common.go:25	real request: &{Req:username:"1" password:"111111"}
2023-08-29T22:29:30.293+0800	DEBUG	middleware/common.go:27	remote service name: TiktokUserServer, remote method: Register
2023-08-29T22:29:30.294+0800	INFO	middleware/server.go:18	client address: [::1]:59116
2023-08-29T22:29:30.322+0800	INFO	middleware/common.go:32	real response: &{Success:status_code:-1 status_msg:"该用户名已存在，请更换"}
2023-08-29T22:39:30.345+0800	DEBUG	middleware/common.go:25	real request: &{Req:username:"1" password:"111111"}
2023-08-29T22:39:30.345+0800	DEBUG	middleware/common.go:27	remote service name: TiktokUserServer, remote method: Register
2023-08-29T22:39:30.346+0800	INFO	middleware/server.go:18	client address: [::1]:54444
2023-08-29T22:39:30.353+0800	INFO	middleware/common.go:32	real response: &{Success:status_code:-1 status_msg:"该用户名已存在，请更换"}
2023-08-29T22:39:35.352+0800	DEBUG	middleware/common.go:25	real request: &{Req:username:"1" password:"111111"}
2023-08-29T22:39:35.352+0800	DEBUG	middleware/common.go:27	remote service name: TiktokUserServer, remote method: Login
2023-08-29T22:39:35.352+0800	INFO	middleware/server.go:18	client address: [::1]:54444
2023-08-29T22:39:35.358+0800	INFO	middleware/common.go:32	real response: &{Success:status_msg:"success" user_id:1 token:"eyJhbGciOiJIUzI1NiIsInR5cCI6IkpXVCJ9.eyJJZCI6MSwiZXhwIjoxNjkzNDA2Mzc1fQ.nsNyOPTgvgmaGP7e6BpRcKhEuSuSk849vskEnAvcjZs"}
2023-08-29T22:39:46.383+0800	DEBUG	middleware/common.go:25	real request: &{Req:user_id:1 token:"eyJhbGciOiJIUzI1NiIsInR5cCI6IkpXVCJ9.eyJJZCI6MSwiZXhwIjoxNjkyODU3MzExfQ.Ti5xYmlFqAEVjb_XlZWKEzfo8H-VbXa41268mjRp328"}
2023-08-29T22:39:46.384+0800	DEBUG	middleware/common.go:27	remote service name: TiktokUserServer, remote method: UserInfo
2023-08-29T22:39:46.385+0800	INFO	middleware/server.go:18	client address: [::1]:54444
2023-08-29T22:39:46.398+0800	INFO	middleware/common.go:32	real response: &{Success:status_msg:"success" user:{id:1 name:"1" is_follow:true avatar:"http://127.0.0.1:9000/tiktok-user-avatars/default5.png?X-Amz-Algorithm=AWS4-HMAC-SHA256&X-Amz-Credential=minioadmin%2F20230829%2Fus-east-1%2Fs3%2Faws4_request&X-Amz-Date=20230829T143946Z&X-Amz-Expires=3600&X-Amz-SignedHeaders=host&X-Amz-Signature=5840d31b5c57c9086cb4a87b2f6418bfe63329120add253a5d24e8aa84ccf870" background_image:"http://127.0.0.1:9000/tiktok-user-backgrounds/default_background.jpg?X-Amz-Algorithm=AWS4-HMAC-SHA256&X-Amz-Credential=minioadmin%2F20230829%2Fus-east-1%2Fs3%2Faws4_request&X-Amz-Date=20230829T143946Z&X-Amz-Expires=3600&X-Amz-SignedHeaders=host&X-Amz-Signature=48bf922da36ee6a9b7799c54988611509133c567f99142109155a82c27f8bf5e"}}
2023-08-29T22:48:43.817+0800	DEBUG	middleware/common.go:25	real request: &{Req:username:"1" password:"111111"}
2023-08-29T22:48:43.818+0800	DEBUG	middleware/common.go:27	remote service name: TiktokUserServer, remote method: Login
2023-08-29T22:48:43.819+0800	INFO	middleware/server.go:18	client address: [::1]:54444
2023-08-29T22:48:43.826+0800	INFO	middleware/common.go:32	real response: &{Success:status_msg:"success" user_id:1 token:"eyJhbGciOiJIUzI1NiIsInR5cCI6IkpXVCJ9.eyJJZCI6MSwiZXhwIjoxNjkzNDA2OTIzfQ.zPqejoTzJSVnlDYPMdcEPLdXv2Ge5CGlRUm_ZuH3AXY"}
